0 info it worked if it ends with ok
1 verbose cli [ '/Users/scottthorpe/.nvm/versions/node/v6.0.0/bin/node',
1 verbose cli   '/Users/scottthorpe/.nvm/versions/node/v6.0.0/bin/npm',
1 verbose cli   'start' ]
2 info using npm@3.8.6
3 info using node@v6.0.0
4 verbose run-script [ 'prestart', 'start', 'poststart' ]
5 info lifecycle htm-project-backend@1.0.0~prestart: htm-project-backend@1.0.0
6 silly lifecycle htm-project-backend@1.0.0~prestart: no script for prestart, continuing
7 info lifecycle htm-project-backend@1.0.0~start: htm-project-backend@1.0.0
8 verbose lifecycle htm-project-backend@1.0.0~start: unsafe-perm in lifecycle true
9 verbose lifecycle htm-project-backend@1.0.0~start: PATH: /Users/scottthorpe/.nvm/versions/node/v6.0.0/lib/node_modules/npm/bin/node-gyp-bin:/Users/scottthorpe/Desktop/htm-project-backend/node_modules/.bin:/Users/scottthorpe/.nvm/versions/node/v6.0.0/bin:/Users/scottthorpe/.rvm/gems/ruby-2.2.4/bin:/Users/scottthorpe/.rvm/gems/ruby-2.2.4@global/bin:/Users/scottthorpe/.rvm/rubies/ruby-2.2.4/bin:/Users/scottthorpe/.nvm/versions/node/v6.0.0/bin:/Library/Frameworks/Python.framework/Versions/3.5/bin:/usr/local/bin:/usr/bin:/bin:/usr/sbin:/sbin:/Users/scottthorpe/.rvm/bin
10 verbose lifecycle htm-project-backend@1.0.0~start: CWD: /Users/scottthorpe/Desktop/htm-project-backend
11 silly lifecycle htm-project-backend@1.0.0~start: Args: [ '-c', 'babel-node src/server.js' ]
12 silly lifecycle htm-project-backend@1.0.0~start: Returned: code: 7  signal: null
13 info lifecycle htm-project-backend@1.0.0~start: Failed to exec start script
14 verbose stack Error: htm-project-backend@1.0.0 start: `babel-node src/server.js`
14 verbose stack Exit status 7
14 verbose stack     at EventEmitter.<anonymous> (/Users/scottthorpe/.nvm/versions/node/v6.0.0/lib/node_modules/npm/lib/utils/lifecycle.js:239:16)
14 verbose stack     at emitTwo (events.js:106:13)
14 verbose stack     at EventEmitter.emit (events.js:191:7)
14 verbose stack     at ChildProcess.<anonymous> (/Users/scottthorpe/.nvm/versions/node/v6.0.0/lib/node_modules/npm/lib/utils/spawn.js:24:14)
14 verbose stack     at emitTwo (events.js:106:13)
14 verbose stack     at ChildProcess.emit (events.js:191:7)
14 verbose stack     at maybeClose (internal/child_process.js:850:16)
14 verbose stack     at Process.ChildProcess._handle.onexit (internal/child_process.js:215:5)
15 verbose pkgid htm-project-backend@1.0.0
16 verbose cwd /Users/scottthorpe/Desktop/htm-project-backend
17 error Darwin 16.7.0
18 error argv "/Users/scottthorpe/.nvm/versions/node/v6.0.0/bin/node" "/Users/scottthorpe/.nvm/versions/node/v6.0.0/bin/npm" "start"
19 error node v6.0.0
20 error npm  v3.8.6
21 error code ELIFECYCLE
22 error htm-project-backend@1.0.0 start: `babel-node src/server.js`
22 error Exit status 7
23 error Failed at the htm-project-backend@1.0.0 start script 'babel-node src/server.js'.
23 error Make sure you have the latest version of node.js and npm installed.
23 error If you do, this is most likely a problem with the htm-project-backend package,
23 error not with npm itself.
23 error Tell the author that this fails on your system:
23 error     babel-node src/server.js
23 error You can get information on how to open an issue for this project with:
23 error     npm bugs htm-project-backend
23 error Or if that isn't available, you can get their info via:
23 error     npm owner ls htm-project-backend
23 error There is likely additional logging output above.
24 verbose exit [ 1, true ]
